System Inputs Exercise 1.5

Mean interarrival time Document 1:     15.000 minutes
Mean interarrival time Document 2:      7.500 minutes
Mean interarrival time Document 3:      3.750 minutes
Mean service printer for Document  1:     12.000 minutes
Mean service printer for Document  2:     15.000 minutes
Mean service printer for Document  3:      1.000 minutes
Mean service employee for Document 1:      3.000 minutes
Mean service employee for Document 2:      6.000 minutes
Mean service employee for Document 3:     10.000 minutes
-----------------------------------------------

If the reviewer want to check a waiting time = 0 in the system
At the beginning of the file change:

#define TOTAL_PRINTERS  13
#define TOTAL_EMPLOYEES 12


Original Case, 3 printers 1 employee,

Average_Delay_PrinterQueue(wait for print):       0.000 minutes
Average_Number_PrinterQueue:       0.000 minutes
Average_Delay_EmployeeQueue(wait for inspection):       0.000 minutes
Average_Number_EmployeeQueue:       0.000 minutes
----------------------------------------------

Printer #1 utilization :           0.752
Printer #2 utilization :           0.666
Printer #3 utilization :           0.552
Printer #4 utilization :           0.426
Printer #5 utilization :           0.294
Printer #6 utilization :           0.188
Printer #7 utilization :           0.099
Printer #8 utilization :           0.046
Printer #9 utilization :           0.017
Printer #10 utilization :           0.007
Printer #11 utilization :           0.002
Printer #12 utilization :           0.001
Printer #13 utilization :           0.000
Employee #1 utilization :           0.786
Employee #2 utilization :           0.713
Employee #3 utilization :           0.622
Employee #4 utilization :           0.515
Employee #5 utilization :           0.399
Employee #6 utilization :           0.276
Employee #7 utilization :           0.168
Employee #8 utilization :           0.092
Employee #9 utilization :           0.044
Employee #10 utilization :           0.018
Employee #11 utilization :           0.007
Employee #12 utilization :           0.002
