System Inputs Exercise 1.4

Mean interarrival time:      0.100 hours

Mean service 1 time:1           0.700 hours

Mean service 2 time:1           0.500 hours

-----------------------------------------------

Total Customers in system: 402 

Total Customers Attended in server 1: 341


Average delay in queue 1       2.489 hours

Average number in queue 1      2.527

Server 1 utilization          0.750



Average delay in queue 2       0.979 hours

Average number in queue 2      0.178

Server 2 utilization          0.089


Time simulation ended     335.842 hours(336 hours = 2 Weeks)

Total Customers in system: 318 

Total Customers Attended in server 1: 300


Average delay in queue 1       2.452 hours

Average number in queue 1      2.201

Server 1 utilization          0.639



Average delay in queue 2       0.297 hours

Average number in queue 2      0.016

Server 2 utilization          0.034


Time simulation ended     334.727 hours(336 hours = 2 Weeks)

Total Customers in system: 363 

Total Customers Attended in server 1: 331


Average delay in queue 1       2.658 hours

Average number in queue 1      2.620

Server 1 utilization          0.653



Average delay in queue 2       0.927 hours

Average number in queue 2      0.088

Server 2 utilization          0.051


Time simulation ended     335.844 hours(336 hours = 2 Weeks)

Total Customers in system: 330 

Total Customers Attended in server 1: 308


Average delay in queue 1       2.296 hours

Average number in queue 1      2.108

Server 1 utilization          0.649



Average delay in queue 2       0.343 hours

Average number in queue 2      0.022

Server 2 utilization          0.026


Time simulation ended     335.458 hours(336 hours = 2 Weeks)

Total Customers in system: 352 

Total Customers Attended in server 1: 304


Average delay in queue 1       2.531 hours

Average number in queue 1      2.314

Server 1 utilization          0.616



Average delay in queue 2       0.780 hours

Average number in queue 2      0.112

Server 2 utilization          0.062


Time simulation ended     335.508 hours(336 hours = 2 Weeks)

Total Customers in system: 350 

Total Customers Attended in server 1: 312


Average delay in queue 1       2.327 hours

Average number in queue 1      2.168

Server 1 utilization          0.614



Average delay in queue 2       0.483 hours

Average number in queue 2      0.055

Server 2 utilization          0.047


Time simulation ended     334.876 hours(336 hours = 2 Weeks)

Total Customers in system: 330 

Total Customers Attended in server 1: 290


Average delay in queue 1       2.619 hours

Average number in queue 1      2.271

Server 1 utilization          0.616



Average delay in queue 2       1.514 hours

Average number in queue 2      0.181

Server 2 utilization          0.076


Time simulation ended     334.409 hours(336 hours = 2 Weeks)

Total Customers in system: 342 

Total Customers Attended in server 1: 306


Average delay in queue 1       2.558 hours

Average number in queue 1      2.333

Server 1 utilization          0.654



Average delay in queue 2       0.879 hours

Average number in queue 2      0.094

Server 2 utilization          0.053


Time simulation ended     335.510 hours(336 hours = 2 Weeks)

Total Customers in system: 348 

Total Customers Attended in server 1: 289


Average delay in queue 1       2.608 hours

Average number in queue 1      2.256

Server 1 utilization          0.622



Average delay in queue 2       2.467 hours

Average number in queue 2      0.434

Server 2 utilization          0.104


Time simulation ended     335.590 hours(336 hours = 2 Weeks)

Total Customers in system: 383 

Total Customers Attended in server 1: 323


Average delay in queue 1       2.555 hours

Average number in queue 1      2.465

Server 1 utilization          0.662



Average delay in queue 2       1.454 hours

Average number in queue 2      0.260

Server 2 utilization          0.082


Time simulation ended     335.069 hours(336 hours = 2 Weeks)

Total Customers in system: 434 

Total Customers Attended in server 1: 343


Average delay in queue 1       2.683 hours

Average number in queue 1      2.796

Server 1 utilization          0.688



Average delay in queue 2       1.212 hours

Average number in queue 2      0.328

Server 2 utilization          0.127


Time simulation ended     335.852 hours(336 hours = 2 Weeks)

Total Customers in system: 348 

Total Customers Attended in server 1: 316


Average delay in queue 1       2.309 hours

Average number in queue 1      2.234

Server 1 utilization          0.614



Average delay in queue 2       0.621 hours

Average number in queue 2      0.059

Server 2 utilization          0.040


Time simulation ended     335.997 hours(336 hours = 2 Weeks)

Total Customers in system: 332 

Total Customers Attended in server 1: 298


Average delay in queue 1       2.414 hours

Average number in queue 1      2.141

Server 1 utilization          0.621



Average delay in queue 2       0.672 hours

Average number in queue 2      0.068

Server 2 utilization          0.056


Time simulation ended     335.942 hours(336 hours = 2 Weeks)

Total Customers in system: 304 

Total Customers Attended in server 1: 288


Average delay in queue 1       2.441 hours

Average number in queue 1      2.126

Server 1 utilization          0.651



Average delay in queue 2       0.464 hours

Average number in queue 2      0.022

Server 2 utilization          0.014


Time simulation ended     335.576 hours(336 hours = 2 Weeks)

Total Customers in system: 342 

Total Customers Attended in server 1: 285


Average delay in queue 1       2.723 hours

Average number in queue 1      2.346

Server 1 utilization          0.604



Average delay in queue 2       1.341 hours

Average number in queue 2      0.228

Server 2 utilization          0.101


Time simulation ended     334.695 hours(336 hours = 2 Weeks)

Total Customers in system: 356 

Total Customers Attended in server 1: 307


Average delay in queue 1       3.035 hours

Average number in queue 1      2.774

Server 1 utilization          0.664



Average delay in queue 2       0.752 hours

Average number in queue 2      0.110

Server 2 utilization          0.065


Time simulation ended     335.967 hours(336 hours = 2 Weeks)

Total Customers in system: 271 

Total Customers Attended in server 1: 256


Average delay in queue 1       1.940 hours

Average number in queue 1      1.489

Server 1 utilization          0.547



Average delay in queue 2       0.751 hours

Average number in queue 2      0.034

Server 2 utilization          0.020


Time simulation ended     335.916 hours(336 hours = 2 Weeks)

Total Customers in system: 363 

Total Customers Attended in server 1: 334


Average delay in queue 1       2.397 hours

Average number in queue 1      2.403

Server 1 utilization          0.684



Average delay in queue 2       0.899 hours

Average number in queue 2      0.078

Server 2 utilization          0.047


Time simulation ended     335.993 hours(336 hours = 2 Weeks)

Total Customers in system: 392 

Total Customers Attended in server 1: 320


Average delay in queue 1       2.684 hours

Average number in queue 1      2.586

Server 1 utilization          0.658



Average delay in queue 2       0.878 hours

Average number in queue 2      0.188

Server 2 utilization          0.101


Time simulation ended     335.746 hours(336 hours = 2 Weeks)

Total Customers in system: 296 

Total Customers Attended in server 1: 274


Average delay in queue 1       2.258 hours

Average number in queue 1      1.850

Server 1 utilization          0.561



Average delay in queue 2       0.907 hours

Average number in queue 2      0.060

Server 2 utilization          0.028


Time simulation ended     334.363 hours(336 hours = 2 Weeks)

Total Customers in system: 351 

Total Customers Attended in server 1: 308


Average delay in queue 1       2.701 hours

Average number in queue 1      2.526

Server 1 utilization          0.655



Average delay in queue 2       0.854 hours

Average number in queue 2      0.109

Server 2 utilization          0.073


Time simulation ended     335.318 hours(336 hours = 2 Weeks)

Total Customers in system: 330 

Total Customers Attended in server 1: 297


Average delay in queue 1       2.725 hours

Average number in queue 1      2.452

Server 1 utilization          0.675



Average delay in queue 2       1.024 hours

Average number in queue 2      0.102

Server 2 utilization          0.057


Time simulation ended     330.067 hours(336 hours = 2 Weeks)

Total Customers in system: 287 

Total Customers Attended in server 1: 259


Average delay in queue 1       1.932 hours

Average number in queue 1      1.495

Server 1 utilization          0.503



Average delay in queue 2       1.820 hours

Average number in queue 2      0.152

Server 2 utilization          0.038


Time simulation ended     334.742 hours(336 hours = 2 Weeks)

Total Customers in system: 343 

Total Customers Attended in server 1: 308


Average delay in queue 1       2.711 hours

Average number in queue 1      2.503

Server 1 utilization          0.682



Average delay in queue 2       1.137 hours

Average number in queue 2      0.119

Server 2 utilization          0.048


Time simulation ended     333.633 hours(336 hours = 2 Weeks)

Total Customers in system: 384 

Total Customers Attended in server 1: 338


Average delay in queue 1       2.963 hours

Average number in queue 1      3.006

Server 1 utilization          0.743



Average delay in queue 2       1.048 hours

Average number in queue 2      0.144

Server 2 utilization          0.087


Time simulation ended     335.565 hours(336 hours = 2 Weeks)

Total Customers in system: 304 

Total Customers Attended in server 1: 281


Average delay in queue 1       2.009 hours

Average number in queue 1      1.683

Server 1 utilization          0.594



Average delay in queue 2       0.973 hours

Average number in queue 2      0.067

Server 2 utilization          0.036


Time simulation ended     335.453 hours(336 hours = 2 Weeks)

Total Customers in system: 287 

Total Customers Attended in server 1: 253


Average delay in queue 1       2.329 hours

Average number in queue 1      1.759

Server 1 utilization          0.578



Average delay in queue 2       2.838 hours

Average number in queue 2      0.288

Server 2 utilization          0.056


Time simulation ended     335.590 hours(336 hours = 2 Weeks)

Total Customers in system: 259 

Total Customers Attended in server 1: 256


Average delay in queue 1       2.304 hours

Average number in queue 1      1.756

Server 1 utilization          0.597



Average delay in queue 2       0.000 hours

Average number in queue 2      0.000

Server 2 utilization          0.005


Time simulation ended     335.910 hours(336 hours = 2 Weeks)

Total Customers in system: 348 

Total Customers Attended in server 1: 312


Average delay in queue 1       3.033 hours

Average number in queue 1      2.858

Server 1 utilization          0.691



Average delay in queue 2       0.423 hours

Average number in queue 2      0.045

Server 2 utilization          0.044


Time simulation ended     335.773 hours(336 hours = 2 Weeks)

Total Customers in system: 293 

Total Customers Attended in server 1: 245


Average delay in queue 1       1.963 hours

Average number in queue 1      1.476

Server 1 utilization          0.515



Average delay in queue 2       3.645 hours

Average number in queue 2      0.526

Server 2 utilization          0.070


Time simulation ended     335.511 hours(336 hours = 2 Weeks)

Total Customers in system: 284 

Total Customers Attended in server 1: 263


Average delay in queue 1       1.925 hours

Average number in queue 1      1.560

Server 1 utilization          0.530



Average delay in queue 2       1.924 hours

Average number in queue 2      0.120

Server 2 utilization          0.029


Time simulation ended     335.458 hours(336 hours = 2 Weeks)

Total Customers in system: 327 

Total Customers Attended in server 1: 303


Average delay in queue 1       2.034 hours

Average number in queue 1      1.837

Server 1 utilization          0.597



Average delay in queue 2       1.229 hours

Average number in queue 2      0.088

Server 2 utilization          0.041


Time simulation ended     335.799 hours(336 hours = 2 Weeks)

Total Customers in system: 388 

Total Customers Attended in server 1: 313


Average delay in queue 1       3.096 hours

Average number in queue 1      2.953

Server 1 utilization          0.678



Average delay in queue 2       2.403 hours

Average number in queue 2      0.538

Server 2 utilization          0.117


Time simulation ended     334.929 hours(336 hours = 2 Weeks)

Total Customers in system: 379 

Total Customers Attended in server 1: 327


Average delay in queue 1       2.420 hours

Average number in queue 1      2.407

Server 1 utilization          0.641



Average delay in queue 2       2.670 hours

Average number in queue 2      0.415

Server 2 utilization          0.119


Time simulation ended     334.271 hours(336 hours = 2 Weeks)

Total Customers in system: 304 

Total Customers Attended in server 1: 287


Average delay in queue 1       2.353 hours

Average number in queue 1      2.015

Server 1 utilization          0.628



Average delay in queue 2       0.247 hours

Average number in queue 2      0.012

Server 2 utilization          0.014


Time simulation ended     335.816 hours(336 hours = 2 Weeks)

Total Customers in system: 394 

Total Customers Attended in server 1: 346


Average delay in queue 1       3.087 hours

Average number in queue 1      3.201

Server 1 utilization          0.728



Average delay in queue 2       1.444 hours

Average number in queue 2      0.208

Server 2 utilization          0.074


Time simulation ended     333.690 hours(336 hours = 2 Weeks)

Total Customers in system: 333 

Total Customers Attended in server 1: 288


Average delay in queue 1       3.055 hours

Average number in queue 1      2.623

Server 1 utilization          0.650



Average delay in queue 2       0.975 hours

Average number in queue 2      0.131

Server 2 utilization          0.077


Time simulation ended     335.999 hours(336 hours = 2 Weeks)

Total Customers in system: 334 

Total Customers Attended in server 1: 300


Average delay in queue 1       2.050 hours

Average number in queue 1      1.844

Server 1 utilization          0.557



Average delay in queue 2       1.197 hours

Average number in queue 2      0.121

Server 2 utilization          0.045


Time simulation ended     335.637 hours(336 hours = 2 Weeks)

Total Customers in system: 291 

Total Customers Attended in server 1: 262


Average delay in queue 1       2.771 hours

Average number in queue 1      2.188

Server 1 utilization          0.572



Average delay in queue 2       0.720 hours

Average number in queue 2      0.063

Server 2 utilization          0.053


Time simulation ended     331.824 hours(336 hours = 2 Weeks)

Total Customers in system: 329 

Total Customers Attended in server 1: 296


Average delay in queue 1       1.965 hours

Average number in queue 1      1.767

Server 1 utilization          0.576



Average delay in queue 2       1.368 hours

Average number in queue 2      0.135

Server 2 utilization          0.048


Time simulation ended     334.238 hours(336 hours = 2 Weeks)

Total Customers in system: 305 

Total Customers Attended in server 1: 286


Average delay in queue 1       2.409 hours

Average number in queue 1      2.055

Server 1 utilization          0.615



Average delay in queue 2       1.127 hours

Average number in queue 2      0.064

Server 2 utilization          0.029


Time simulation ended     335.773 hours(336 hours = 2 Weeks)

Total Customers in system: 293 

Total Customers Attended in server 1: 266


Average delay in queue 1       2.029 hours

Average number in queue 1      1.631

Server 1 utilization          0.554



Average delay in queue 2       0.466 hours

Average number in queue 2      0.037

Server 2 utilization          0.032


Time simulation ended     335.921 hours(336 hours = 2 Weeks)

Total Customers in system: 368 

Total Customers Attended in server 1: 304


Average delay in queue 1       2.557 hours

Average number in queue 1      2.329

Server 1 utilization          0.644



Average delay in queue 2       1.778 hours

Average number in queue 2      0.339

Server 2 utilization          0.097


Time simulation ended     335.661 hours(336 hours = 2 Weeks)

Total Customers in system: 336 

Total Customers Attended in server 1: 293


Average delay in queue 1       2.408 hours

Average number in queue 1      2.153

Server 1 utilization          0.598



Average delay in queue 2       0.625 hours

Average number in queue 2      0.081

Server 2 utilization          0.062


Time simulation ended     335.998 hours(336 hours = 2 Weeks)

Total Customers in system: 370 

Total Customers Attended in server 1: 337


Average delay in queue 1       2.524 hours

Average number in queue 1      2.581

Server 1 utilization          0.705



Average delay in queue 2       0.433 hours

Average number in queue 2      0.044

Server 2 utilization          0.037


Time simulation ended     335.532 hours(336 hours = 2 Weeks)

Total Customers in system: 350 

Total Customers Attended in server 1: 294


Average delay in queue 1       2.469 hours

Average number in queue 1      2.179

Server 1 utilization          0.601



Average delay in queue 2       3.435 hours

Average number in queue 2      0.572

Server 2 utilization          0.097


Time simulation ended     335.981 hours(336 hours = 2 Weeks)

Total Customers in system: 318 

Total Customers Attended in server 1: 294


Average delay in queue 1       2.125 hours

Average number in queue 1      1.874

Server 1 utilization          0.593



Average delay in queue 2       0.453 hours

Average number in queue 2      0.032

Server 2 utilization          0.027


Time simulation ended     334.998 hours(336 hours = 2 Weeks)

Total Customers in system: 322 

Total Customers Attended in server 1: 296


Average delay in queue 1       2.028 hours

Average number in queue 1      1.788

Server 1 utilization          0.569



Average delay in queue 2       0.381 hours

Average number in queue 2      0.029

Server 2 utilization          0.035


Time simulation ended     335.840 hours(336 hours = 2 Weeks)

Total Customers in system: 387 

Total Customers Attended in server 1: 312


Average delay in queue 1       2.913 hours

Average number in queue 1      2.724

Server 1 utilization          0.653



Average delay in queue 2       1.911 hours

Average number in queue 2      0.430

Server 2 utilization          0.098


Time simulation ended     333.682 hours(336 hours = 2 Weeks)

Total Customers in system: 287 

Total Customers Attended in server 1: 265


Average delay in queue 1       2.432 hours

Average number in queue 1      1.920

Server 1 utilization          0.566



Average delay in queue 2       0.834 hours

Average number in queue 2      0.055

Server 2 utilization          0.033


Time simulation ended     335.655 hours(336 hours = 2 Weeks)

Total Customers in system: 314 

Total Customers Attended in server 1: 285


Average delay in queue 1       1.658 hours

Average number in queue 1      1.407

Server 1 utilization          0.536



Average delay in queue 2       1.958 hours

Average number in queue 2      0.169

Server 2 utilization          0.045


Time simulation ended     335.961 hours(336 hours = 2 Weeks)

Total Customers in system: 322 

Total Customers Attended in server 1: 286


Average delay in queue 1       2.675 hours

Average number in queue 1      2.278

Server 1 utilization          0.638



Average delay in queue 2       0.712 hours

Average number in queue 2      0.076

Server 2 utilization          0.055


Time simulation ended     335.929 hours(336 hours = 2 Weeks)

Total Customers in system: 323 

Total Customers Attended in server 1: 303


Average delay in queue 1       1.892 hours

Average number in queue 1      1.746

Server 1 utilization          0.610



Average delay in queue 2       1.252 hours

Average number in queue 2      0.076

Server 2 utilization          0.021


Time simulation ended     328.225 hours(336 hours = 2 Weeks)

Total Customers in system: 347 

Total Customers Attended in server 1: 282


Average delay in queue 1       2.755 hours

Average number in queue 1      2.312

Server 1 utilization          0.616



Average delay in queue 2       1.282 hours

Average number in queue 2      0.248

Server 2 utilization          0.083


Time simulation ended     335.970 hours(336 hours = 2 Weeks)

Total Customers in system: 251 

Total Customers Attended in server 1: 234


Average delay in queue 1       2.174 hours

Average number in queue 1      1.522

Server 1 utilization          0.490



Average delay in queue 2       0.850 hours

Average number in queue 2      0.043

Server 2 utilization          0.024


Time simulation ended     334.161 hours(336 hours = 2 Weeks)

Total Customers in system: 291 

Total Customers Attended in server 1: 284


Average delay in queue 1       1.977 hours

Average number in queue 1      1.681

Server 1 utilization          0.604



Average delay in queue 2       0.282 hours

Average number in queue 2      0.006

Server 2 utilization          0.012


Time simulation ended     334.023 hours(336 hours = 2 Weeks)

Total Customers in system: 315 

Total Customers Attended in server 1: 295


Average delay in queue 1       1.825 hours

Average number in queue 1      1.640

Server 1 utilization          0.581



Average delay in queue 2       0.588 hours

Average number in queue 2      0.036

Server 2 utilization          0.032


Time simulation ended     328.307 hours(336 hours = 2 Weeks)

Total Customers in system: 263 

Total Customers Attended in server 1: 254


Average delay in queue 1       1.992 hours

Average number in queue 1      1.543

Server 1 utilization          0.523



Average delay in queue 2       0.279 hours

Average number in queue 2      0.007

Server 2 utilization          0.011


Time simulation ended     335.662 hours(336 hours = 2 Weeks)

Total Customers in system: 364 

Total Customers Attended in server 1: 329


Average delay in queue 1       2.353 hours

Average number in queue 1      2.333

Server 1 utilization          0.680



Average delay in queue 2       0.533 hours

Average number in queue 2      0.056

Server 2 utilization          0.061


Time simulation ended     335.299 hours(336 hours = 2 Weeks)

Total Customers in system: 278 

Total Customers Attended in server 1: 270


Average delay in queue 1       1.696 hours

Average number in queue 1      1.391

Server 1 utilization          0.553



Average delay in queue 2       0.884 hours

Average number in queue 2      0.021

Server 2 utilization          0.018


Time simulation ended     329.359 hours(336 hours = 2 Weeks)

Total Customers in system: 355 

Total Customers Attended in server 1: 309


Average delay in queue 1       3.079 hours

Average number in queue 1      2.849

Server 1 utilization          0.686



Average delay in queue 2       0.533 hours

Average number in queue 2      0.073

Server 2 utilization          0.054


Time simulation ended     335.117 hours(336 hours = 2 Weeks)

Total Customers in system: 329 

Total Customers Attended in server 1: 297


Average delay in queue 1       2.345 hours

Average number in queue 1      2.130

Server 1 utilization          0.598



Average delay in queue 2       0.975 hours

Average number in queue 2      0.093

Server 2 utilization          0.056


Time simulation ended     334.052 hours(336 hours = 2 Weeks)

Total Customers in system: 370 

Total Customers Attended in server 1: 303


Average delay in queue 1       2.955 hours

Average number in queue 1      2.672

Server 1 utilization          0.648



Average delay in queue 2       1.163 hours

Average number in queue 2      0.232

Server 2 utilization          0.098


Time simulation ended     335.613 hours(336 hours = 2 Weeks)

Total Customers in system: 304 

Total Customers Attended in server 1: 273


Average delay in queue 1       2.432 hours

Average number in queue 1      1.989

Server 1 utilization          0.608



Average delay in queue 2       1.155 hours

Average number in queue 2      0.107

Server 2 utilization          0.052


Time simulation ended     335.986 hours(336 hours = 2 Weeks)

Total Customers in system: 354 

Total Customers Attended in server 1: 324


Average delay in queue 1       2.491 hours

Average number in queue 1      2.406

Server 1 utilization          0.664



Average delay in queue 2       0.422 hours

Average number in queue 2      0.038

Server 2 utilization          0.041


Time simulation ended     335.798 hours(336 hours = 2 Weeks)

Total Customers in system: 261 

Total Customers Attended in server 1: 248


Average delay in queue 1       1.725 hours

Average number in queue 1      1.275

Server 1 utilization          0.491



Average delay in queue 2       0.619 hours

Average number in queue 2      0.024

Server 2 utilization          0.023


Time simulation ended     335.624 hours(336 hours = 2 Weeks)

Total Customers in system: 314 

Total Customers Attended in server 1: 283


Average delay in queue 1       1.994 hours

Average number in queue 1      1.682

Server 1 utilization          0.502



Average delay in queue 2       0.728 hours

Average number in queue 2      0.067

Server 2 utilization          0.043


Time simulation ended     335.981 hours(336 hours = 2 Weeks)

Total Customers in system: 365 

Total Customers Attended in server 1: 303


Average delay in queue 1       2.746 hours

Average number in queue 1      2.480

Server 1 utilization          0.639



Average delay in queue 2       4.127 hours

Average number in queue 2      0.763

Server 2 utilization          0.087


Time simulation ended     335.493 hours(336 hours = 2 Weeks)

Total Customers in system: 334 

Total Customers Attended in server 1: 292


Average delay in queue 1       2.263 hours

Average number in queue 1      1.982

Server 1 utilization          0.619



Average delay in queue 2       2.907 hours

Average number in queue 2      0.363

Server 2 utilization          0.067


Time simulation ended     335.966 hours(336 hours = 2 Weeks)

Total Customers in system: 293 

Total Customers Attended in server 1: 252


Average delay in queue 1       1.993 hours

Average number in queue 1      1.508

Server 1 utilization          0.520



Average delay in queue 2       1.677 hours

Average number in queue 2      0.206

Server 2 utilization          0.059


Time simulation ended     332.983 hours(336 hours = 2 Weeks)

Total Customers in system: 348 

Total Customers Attended in server 1: 309


Average delay in queue 1       2.163 hours

Average number in queue 1      1.998

Server 1 utilization          0.584



Average delay in queue 2       0.921 hours

Average number in queue 2      0.107

Server 2 utilization          0.052


Time simulation ended     335.702 hours(336 hours = 2 Weeks)

Total Customers in system: 335 

Total Customers Attended in server 1: 311


Average delay in queue 1       2.755 hours

Average number in queue 1      2.579

Server 1 utilization          0.679



Average delay in queue 2       0.982 hours

Average number in queue 2      0.071

Server 2 utilization          0.038


Time simulation ended     332.218 hours(336 hours = 2 Weeks)

Total Customers in system: 284 

Total Customers Attended in server 1: 264


Average delay in queue 1       2.237 hours

Average number in queue 1      1.758

Server 1 utilization          0.569



Average delay in queue 2       0.611 hours

Average number in queue 2      0.036

Server 2 utilization          0.025


Time simulation ended     335.867 hours(336 hours = 2 Weeks)

Total Customers in system: 401 

Total Customers Attended in server 1: 328


Average delay in queue 1       2.574 hours

Average number in queue 1      2.524

Server 1 utilization          0.665



Average delay in queue 2       1.791 hours

Average number in queue 2      0.391

Server 2 utilization          0.126


Time simulation ended     334.490 hours(336 hours = 2 Weeks)

Total Customers in system: 322 

Total Customers Attended in server 1: 277


Average delay in queue 1       2.804 hours

Average number in queue 1      2.327

Server 1 utilization          0.602



Average delay in queue 2       1.415 hours

Average number in queue 2      0.191

Server 2 utilization          0.072


Time simulation ended     333.759 hours(336 hours = 2 Weeks)

Total Customers in system: 279 

Total Customers Attended in server 1: 267


Average delay in queue 1       1.879 hours

Average number in queue 1      1.503

Server 1 utilization          0.551



Average delay in queue 2       1.336 hours

Average number in queue 2      0.048

Server 2 utilization          0.020


Time simulation ended     333.826 hours(336 hours = 2 Weeks)

Total Customers in system: 394 

Total Customers Attended in server 1: 313


Average delay in queue 1       3.792 hours

Average number in queue 1      3.560

Server 1 utilization          0.750



Average delay in queue 2       2.841 hours

Average number in queue 2      0.686

Server 2 utilization          0.147


Time simulation ended     335.596 hours(336 hours = 2 Weeks)

Total Customers in system: 332 

Total Customers Attended in server 1: 278


Average delay in queue 1       3.246 hours

Average number in queue 1      2.739

Server 1 utilization          0.659



Average delay in queue 2       1.536 hours

Average number in queue 2      0.247

Server 2 utilization          0.069


Time simulation ended     335.948 hours(336 hours = 2 Weeks)

Total Customers in system: 368 

Total Customers Attended in server 1: 323


Average delay in queue 1       2.382 hours

Average number in queue 1      2.316

Server 1 utilization          0.689



Average delay in queue 2       2.327 hours

Average number in queue 2      0.312

Server 2 utilization          0.074


Time simulation ended     335.767 hours(336 hours = 2 Weeks)

Total Customers in system: 305 

Total Customers Attended in server 1: 291


Average delay in queue 1       2.316 hours

Average number in queue 1      2.010

Server 1 utilization          0.633



Average delay in queue 2       0.241 hours

Average number in queue 2      0.010

Server 2 utilization          0.013


Time simulation ended     335.449 hours(336 hours = 2 Weeks)

Total Customers in system: 354 

Total Customers Attended in server 1: 299


Average delay in queue 1       2.531 hours

Average number in queue 1      2.292

Server 1 utilization          0.624



Average delay in queue 2       1.909 hours

Average number in queue 2      0.313

Server 2 utilization          0.075


Time simulation ended     335.822 hours(336 hours = 2 Weeks)

Total Customers in system: 335 

Total Customers Attended in server 1: 280


Average delay in queue 1       2.977 hours

Average number in queue 1      2.545

Server 1 utilization          0.657



Average delay in queue 2       1.319 hours

Average number in queue 2      0.216

Server 2 utilization          0.079


Time simulation ended     335.691 hours(336 hours = 2 Weeks)

Total Customers in system: 328 

Total Customers Attended in server 1: 271


Average delay in queue 1       2.552 hours

Average number in queue 1      2.080

Server 1 utilization          0.565



Average delay in queue 2       2.258 hours

Average number in queue 2      0.384

Server 2 utilization          0.109


Time simulation ended     335.384 hours(336 hours = 2 Weeks)

Total Customers in system: 278 

Total Customers Attended in server 1: 253


Average delay in queue 1       1.784 hours

Average number in queue 1      1.348

Server 1 utilization          0.508



Average delay in queue 2       1.527 hours

Average number in queue 2      0.114

Server 2 utilization          0.042


Time simulation ended     334.819 hours(336 hours = 2 Weeks)

Total Customers in system: 286 

Total Customers Attended in server 1: 278


Average delay in queue 1       1.706 hours

Average number in queue 1      1.416

Server 1 utilization          0.553



Average delay in queue 2       1.474 hours

Average number in queue 2      0.035

Server 2 utilization          0.014


Time simulation ended     334.913 hours(336 hours = 2 Weeks)

Total Customers in system: 295 

Total Customers Attended in server 1: 267


Average delay in queue 1       2.359 hours

Average number in queue 1      1.875

Server 1 utilization          0.584



Average delay in queue 2       0.767 hours

Average number in queue 2      0.064

Server 2 utilization          0.041


Time simulation ended     335.992 hours(336 hours = 2 Weeks)

Total Customers in system: 312 

Total Customers Attended in server 1: 293


Average delay in queue 1       2.380 hours

Average number in queue 1      2.112

Server 1 utilization          0.633



Average delay in queue 2       0.690 hours

Average number in queue 2      0.039

Server 2 utilization          0.028


Time simulation ended     335.920 hours(336 hours = 2 Weeks)

Total Customers in system: 350 

Total Customers Attended in server 1: 310


Average delay in queue 1       2.477 hours

Average number in queue 1      2.289

Server 1 utilization          0.653



Average delay in queue 2       0.507 hours

Average number in queue 2      0.060

Server 2 utilization          0.047


Time simulation ended     335.492 hours(336 hours = 2 Weeks)

Total Customers in system: 330 

Total Customers Attended in server 1: 264


Average delay in queue 1       2.595 hours

Average number in queue 1      2.096

Server 1 utilization          0.592



Average delay in queue 2       2.080 hours

Average number in queue 2      0.409

Server 2 utilization          0.096


Time simulation ended     335.715 hours(336 hours = 2 Weeks)

Total Customers in system: 283 

Total Customers Attended in server 1: 274


Average delay in queue 1       1.633 hours

Average number in queue 1      1.357

Server 1 utilization          0.585



Average delay in queue 2       0.052 hours

Average number in queue 2      0.001

Server 2 utilization          0.009


Time simulation ended     329.627 hours(336 hours = 2 Weeks)

Total Customers in system: 309 

Total Customers Attended in server 1: 298


Average delay in queue 1       1.743 hours

Average number in queue 1      1.570

Server 1 utilization          0.562



Average delay in queue 2       0.495 hours

Average number in queue 2      0.016

Server 2 utilization          0.010


Time simulation ended     330.943 hours(336 hours = 2 Weeks)

Total Customers in system: 305 

Total Customers Attended in server 1: 295


Average delay in queue 1       2.105 hours

Average number in queue 1      1.854

Server 1 utilization          0.583



Average delay in queue 2       0.359 hours

Average number in queue 2      0.011

Server 2 utilization          0.010


Time simulation ended     334.894 hours(336 hours = 2 Weeks)

Total Customers in system: 397 

Total Customers Attended in server 1: 353


Average delay in queue 1       2.926 hours

Average number in queue 1      3.096

Server 1 utilization          0.744



Average delay in queue 2       0.737 hours

Average number in queue 2      0.097

Server 2 utilization          0.056


Time simulation ended     333.663 hours(336 hours = 2 Weeks)

Total Customers in system: 307 

Total Customers Attended in server 1: 281


Average delay in queue 1       2.657 hours

Average number in queue 1      2.240

Server 1 utilization          0.636



Average delay in queue 2       0.439 hours

Average number in queue 2      0.034

Server 2 utilization          0.050


Time simulation ended     333.722 hours(336 hours = 2 Weeks)

Total Customers in system: 286 

Total Customers Attended in server 1: 271


Average delay in queue 1       2.687 hours

Average number in queue 1      2.211

Server 1 utilization          0.609



Average delay in queue 2       0.390 hours

Average number in queue 2      0.017

Server 2 utilization          0.016


Time simulation ended     335.748 hours(336 hours = 2 Weeks)

Total Customers in system: 341 

Total Customers Attended in server 1: 289


Average delay in queue 1       2.475 hours

Average number in queue 1      2.128

Server 1 utilization          0.582



Average delay in queue 2       1.401 hours

Average number in queue 2      0.217

Server 2 utilization          0.091


Time simulation ended     335.996 hours(336 hours = 2 Weeks)

Total Customers in system: 261 

Total Customers Attended in server 1: 246


Average delay in queue 1       2.382 hours

Average number in queue 1      1.755

Server 1 utilization          0.571



Average delay in queue 2       1.199 hours

Average number in queue 2      0.054

Server 2 utilization          0.024


Time simulation ended     333.818 hours(336 hours = 2 Weeks)

Total Customers in system: 321 

Total Customers Attended in server 1: 281


Average delay in queue 1       2.329 hours

Average number in queue 1      1.953

Server 1 utilization          0.592



Average delay in queue 2       1.443 hours

Average number in queue 2      0.172

Server 2 utilization          0.065


Time simulation ended     335.099 hours(336 hours = 2 Weeks)

Total Customers in system: 361 

Total Customers Attended in server 1: 319


Average delay in queue 1       2.636 hours

Average number in queue 1      2.540

Server 1 utilization          0.657



Average delay in queue 2       0.432 hours

Average number in queue 2      0.054

Server 2 utilization          0.063


Time simulation ended     334.808 hours(336 hours = 2 Weeks)

Total Customers in system: 383 

Total Customers Attended in server 1: 328


Average delay in queue 1       3.091 hours

Average number in queue 1      3.022

Server 1 utilization          0.738



Average delay in queue 2       0.798 hours

Average number in queue 2      0.131

Server 2 utilization          0.080


Time simulation ended     335.410 hours(336 hours = 2 Weeks)

