System Inputs Exercise 1.6

Mean interarrival time:      1.000 hours
Mean service 1 time:           0.800 hours
Mean service 2  lower case time:           0.500 hours
Mean service 2  upper case time:           0.700 hours
Probability client type 1           0.700
Probability client type 2           0.300
-----------------------------------------------

Average delay Q1:       0.027 minutes

Average number Q1:       0.019 minutes

Average delay Q2       0.217 minutes

Average number Q1:       0.057 minutes

Server A1
Proportion Client 1:       0.758 
Proportion Client 2:       0.242 

Server A2
Proportion Client 1:       0.827 
Proportion Client 2:       0.173 

Server B
Proportion Client 1:       0.238 
Proportion Client 2:       0.762 

Server A1 used for:       0.432
Server A2 used for:       0.231
Server B used for:       0.198

